  Determining projects to restore...
  All projects are up-to-date for restore.
C:\Users\Asus\Smart-Course-Management-Portal\SmartCourseManagement.API\Data\AppDbContext.cs(66,36): error CS1519: Invalid token '(' in a member declaration [C:\Users\Asus\Smart-Course-Management-Portal\SmartCourseManagement.API\SmartCourseManagement.API.csproj]
C:\Users\Asus\Smart-Course-Management-Portal\SmartCourseManagement.API\Data\AppDbContext.cs(66,37): error CS8124: Tuple must contain at least two elements. [C:\Users\Asus\Smart-Course-Management-Portal\SmartCourseManagement.API\SmartCourseManagement.API.csproj]
C:\Users\Asus\Smart-Course-Management-Portal\SmartCourseManagement.API\Data\AppDbContext.cs(66,38): error CS1519: Invalid token '.' in a member declaration [C:\Users\Asus\Smart-Course-Management-Portal\SmartCourseManagement.API\SmartCourseManagement.API.csproj]
C:\Users\Asus\Smart-Course-Management-Portal\SmartCourseManagement.API\Data\AppDbContext.cs(66,47): error CS1026: ) expected [C:\Users\Asus\Smart-Course-Management-Portal\SmartCourseManagement.API\SmartCourseManagement.API.csproj]
C:\Users\Asus\Smart-Course-Management-Portal\SmartCourseManagement.API\Data\AppDbContext.cs(66,47): error CS1002: ; expected [C:\Users\Asus\Smart-Course-Management-Portal\SmartCourseManagement.API\SmartCourseManagement.API.csproj]
C:\Users\Asus\Smart-Course-Management-Portal\SmartCourseManagement.API\Data\AppDbContext.cs(67,24): error CS1519: Invalid token '{' in a member declaration [C:\Users\Asus\Smart-Course-Management-Portal\SmartCourseManagement.API\SmartCourseManagement.API.csproj]
C:\Users\Asus\Smart-Course-Management-Portal\SmartCourseManagement.API\Data\AppDbContext.cs(67,29): error CS1519: Invalid token '=' in a member declaration [C:\Users\Asus\Smart-Course-Management-Portal\SmartCourseManagement.API\SmartCourseManagement.API.csproj]
C:\Users\Asus\Smart-Course-Management-Portal\SmartCourseManagement.API\Data\AppDbContext.cs(67,40): error CS1519: Invalid token '=' in a member declaration [C:\Users\Asus\Smart-Course-Management-Portal\SmartCourseManagement.API\SmartCourseManagement.API.csproj]
C:\Users\Asus\Smart-Course-Management-Portal\SmartCourseManagement.API\Data\AppDbContext.cs(67,86): error CS1519: Invalid token '=' in a member declaration [C:\Users\Asus\Smart-Course-Management-Portal\SmartCourseManagement.API\SmartCourseManagement.API.csproj]
C:\Users\Asus\Smart-Course-Management-Portal\SmartCourseManagement.API\Data\AppDbContext.cs(67,155): error CS1519: Invalid token '=' in a member declaration [C:\Users\Asus\Smart-Course-Management-Portal\SmartCourseManagement.API\SmartCourseManagement.API.csproj]
C:\Users\Asus\Smart-Course-Management-Portal\SmartCourseManagement.API\Data\AppDbContext.cs(67,173): error CS1519: Invalid token '=' in a member declaration [C:\Users\Asus\Smart-Course-Management-Portal\SmartCourseManagement.API\SmartCourseManagement.API.csproj]
C:\Users\Asus\Smart-Course-Management-Portal\SmartCourseManagement.API\Data\AppDbContext.cs(67,178): error CS1022: Type or namespace definition, or end-of-file expected [C:\Users\Asus\Smart-Course-Management-Portal\SmartCourseManagement.API\SmartCourseManagement.API.csproj]
C:\Users\Asus\Smart-Course-Management-Portal\SmartCourseManagement.API\Data\AppDbContext.cs(68,17): error CS0116: A namespace cannot directly contain members such as fields, methods or statements [C:\Users\Asus\Smart-Course-Management-Portal\SmartCourseManagement.API\SmartCourseManagement.API.csproj]
C:\Users\Asus\Smart-Course-Management-Portal\SmartCourseManagement.API\Data\AppDbContext.cs(68,24): error CS1022: Type or namespace definition, or end-of-file expected [C:\Users\Asus\Smart-Course-Management-Portal\SmartCourseManagement.API\SmartCourseManagement.API.csproj]
C:\Users\Asus\Smart-Course-Management-Portal\SmartCourseManagement.API\Data\AppDbContext.cs(68,26): error CS0116: A namespace cannot directly contain members such as fields, methods or statements [C:\Users\Asus\Smart-Course-Management-Portal\SmartCourseManagement.API\SmartCourseManagement.API.csproj]
C:\Users\Asus\Smart-Course-Management-Portal\SmartCourseManagement.API\Data\AppDbContext.cs(68,29): error CS1022: Type or namespace definition, or end-of-file expected [C:\Users\Asus\Smart-Course-Management-Portal\SmartCourseManagement.API\SmartCourseManagement.API.csproj]
C:\Users\Asus\Smart-Course-Management-Portal\SmartCourseManagement.API\Data\AppDbContext.cs(68,34): error CS0116: A namespace cannot directly contain members such as fields, methods or statements [C:\Users\Asus\Smart-Course-Management-Portal\SmartCourseManagement.API\SmartCourseManagement.API.csproj]
C:\Users\Asus\Smart-Course-Management-Portal\SmartCourseManagement.API\Data\AppDbContext.cs(68,40): error CS1022: Type or namespace definition, or end-of-file expected [C:\Users\Asus\Smart-Course-Management-Portal\SmartCourseManagement.API\SmartCourseManagement.API.csproj]
C:\Users\Asus\Smart-Course-Management-Portal\SmartCourseManagement.API\Data\AppDbContext.cs(68,76): error CS0116: A namespace cannot directly contain members such as fields, methods or statements [C:\Users\Asus\Smart-Course-Management-Portal\SmartCourseManagement.API\SmartCourseManagement.API.csproj]
C:\Users\Asus\Smart-Course-Management-Portal\SmartCourseManagement.API\Data\AppDbContext.cs(68,88): error CS1022: Type or namespace definition, or end-of-file expected [C:\Users\Asus\Smart-Course-Management-Portal\SmartCourseManagement.API\SmartCourseManagement.API.csproj]
C:\Users\Asus\Smart-Course-Management-Portal\SmartCourseManagement.API\Data\AppDbContext.cs(68,146): error CS0116: A namespace cannot directly contain members such as fields, methods or statements [C:\Users\Asus\Smart-Course-Management-Portal\SmartCourseManagement.API\SmartCourseManagement.API.csproj]
C:\Users\Asus\Smart-Course-Management-Portal\SmartCourseManagement.API\Data\AppDbContext.cs(68,154): error CS1022: Type or namespace definition, or end-of-file expected [C:\Users\Asus\Smart-Course-Management-Portal\SmartCourseManagement.API\SmartCourseManagement.API.csproj]
C:\Users\Asus\Smart-Course-Management-Portal\SmartCourseManagement.API\Data\AppDbContext.cs(68,159): error CS0116: A namespace cannot directly contain members such as fields, methods or statements [C:\Users\Asus\Smart-Course-Management-Portal\SmartCourseManagement.API\SmartCourseManagement.API.csproj]
C:\Users\Asus\Smart-Course-Management-Portal\SmartCourseManagement.API\Data\AppDbContext.cs(68,172): error CS1022: Type or namespace definition, or end-of-file expected [C:\Users\Asus\Smart-Course-Management-Portal\SmartCourseManagement.API\SmartCourseManagement.API.csproj]
C:\Users\Asus\Smart-Course-Management-Portal\SmartCourseManagement.API\Data\AppDbContext.cs(68,177): error CS1022: Type or namespace definition, or end-of-file expected [C:\Users\Asus\Smart-Course-Management-Portal\SmartCourseManagement.API\SmartCourseManagement.API.csproj]
C:\Users\Asus\Smart-Course-Management-Portal\SmartCourseManagement.API\Data\AppDbContext.cs(69,13): error CS8803: Top-level statements must precede namespace and type declarations. [C:\Users\Asus\Smart-Course-Management-Portal\SmartCourseManagement.API\SmartCourseManagement.API.csproj]
C:\Users\Asus\Smart-Course-Management-Portal\SmartCourseManagement.API\Data\AppDbContext.cs(69,186): error CS1002: ; expected [C:\Users\Asus\Smart-Course-Management-Portal\SmartCourseManagement.API\SmartCourseManagement.API.csproj]
C:\Users\Asus\Smart-Course-Management-Portal\SmartCourseManagement.API\Data\AppDbContext.cs(70,9): error CS1022: Type or namespace definition, or end-of-file expected [C:\Users\Asus\Smart-Course-Management-Portal\SmartCourseManagement.API\SmartCourseManagement.API.csproj]
C:\Users\Asus\Smart-Course-Management-Portal\SmartCourseManagement.API\Data\AppDbContext.cs(71,5): error CS1022: Type or namespace definition, or end-of-file expected [C:\Users\Asus\Smart-Course-Management-Portal\SmartCourseManagement.API\SmartCourseManagement.API.csproj]
C:\Users\Asus\Smart-Course-Management-Portal\SmartCourseManagement.API\Data\AppDbContext.cs(72,1): error CS1022: Type or namespace definition, or end-of-file expected [C:\Users\Asus\Smart-Course-Management-Portal\SmartCourseManagement.API\SmartCourseManagement.API.csproj]

Build FAILED.

C:\Users\Asus\Smart-Course-Management-Portal\SmartCourseManagement.API\Data\AppDbContext.cs(66,36): error CS1519: Invalid token '(' in a member declaration [C:\Users\Asus\Smart-Course-Management-Portal\SmartCourseManagement.API\SmartCourseManagement.API.csproj]
C:\Users\Asus\Smart-Course-Management-Portal\SmartCourseManagement.API\Data\AppDbContext.cs(66,37): error CS8124: Tuple must contain at least two elements. [C:\Users\Asus\Smart-Course-Management-Portal\SmartCourseManagement.API\SmartCourseManagement.API.csproj]
C:\Users\Asus\Smart-Course-Management-Portal\SmartCourseManagement.API\Data\AppDbContext.cs(66,38): error CS1519: Invalid token '.' in a member declaration [C:\Users\Asus\Smart-Course-Management-Portal\SmartCourseManagement.API\SmartCourseManagement.API.csproj]
C:\Users\Asus\Smart-Course-Management-Portal\SmartCourseManagement.API\Data\AppDbContext.cs(66,47): error CS1026: ) expected [C:\Users\Asus\Smart-Course-Management-Portal\SmartCourseManagement.API\SmartCourseManagement.API.csproj]
C:\Users\Asus\Smart-Course-Management-Portal\SmartCourseManagement.API\Data\AppDbContext.cs(66,47): error CS1002: ; expected [C:\Users\Asus\Smart-Course-Management-Portal\SmartCourseManagement.API\SmartCourseManagement.API.csproj]
C:\Users\Asus\Smart-Course-Management-Portal\SmartCourseManagement.API\Data\AppDbContext.cs(67,24): error CS1519: Invalid token '{' in a member declaration [C:\Users\Asus\Smart-Course-Management-Portal\SmartCourseManagement.API\SmartCourseManagement.API.csproj]
C:\Users\Asus\Smart-Course-Management-Portal\SmartCourseManagement.API\Data\AppDbContext.cs(67,29): error CS1519: Invalid token '=' in a member declaration [C:\Users\Asus\Smart-Course-Management-Portal\SmartCourseManagement.API\SmartCourseManagement.API.csproj]
C:\Users\Asus\Smart-Course-Management-Portal\SmartCourseManagement.API\Data\AppDbContext.cs(67,40): error CS1519: Invalid token '=' in a member declaration [C:\Users\Asus\Smart-Course-Management-Portal\SmartCourseManagement.API\SmartCourseManagement.API.csproj]
C:\Users\Asus\Smart-Course-Management-Portal\SmartCourseManagement.API\Data\AppDbContext.cs(67,86): error CS1519: Invalid token '=' in a member declaration [C:\Users\Asus\Smart-Course-Management-Portal\SmartCourseManagement.API\SmartCourseManagement.API.csproj]
C:\Users\Asus\Smart-Course-Management-Portal\SmartCourseManagement.API\Data\AppDbContext.cs(67,155): error CS1519: Invalid token '=' in a member declaration [C:\Users\Asus\Smart-Course-Management-Portal\SmartCourseManagement.API\SmartCourseManagement.API.csproj]
C:\Users\Asus\Smart-Course-Management-Portal\SmartCourseManagement.API\Data\AppDbContext.cs(67,173): error CS1519: Invalid token '=' in a member declaration [C:\Users\Asus\Smart-Course-Management-Portal\SmartCourseManagement.API\SmartCourseManagement.API.csproj]
C:\Users\Asus\Smart-Course-Management-Portal\SmartCourseManagement.API\Data\AppDbContext.cs(67,178): error CS1022: Type or namespace definition, or end-of-file expected [C:\Users\Asus\Smart-Course-Management-Portal\SmartCourseManagement.API\SmartCourseManagement.API.csproj]
C:\Users\Asus\Smart-Course-Management-Portal\SmartCourseManagement.API\Data\AppDbContext.cs(68,17): error CS0116: A namespace cannot directly contain members such as fields, methods or statements [C:\Users\Asus\Smart-Course-Management-Portal\SmartCourseManagement.API\SmartCourseManagement.API.csproj]
C:\Users\Asus\Smart-Course-Management-Portal\SmartCourseManagement.API\Data\AppDbContext.cs(68,24): error CS1022: Type or namespace definition, or end-of-file expected [C:\Users\Asus\Smart-Course-Management-Portal\SmartCourseManagement.API\SmartCourseManagement.API.csproj]
C:\Users\Asus\Smart-Course-Management-Portal\SmartCourseManagement.API\Data\AppDbContext.cs(68,26): error CS0116: A namespace cannot directly contain members such as fields, methods or statements [C:\Users\Asus\Smart-Course-Management-Portal\SmartCourseManagement.API\SmartCourseManagement.API.csproj]
C:\Users\Asus\Smart-Course-Management-Portal\SmartCourseManagement.API\Data\AppDbContext.cs(68,29): error CS1022: Type or namespace definition, or end-of-file expected [C:\Users\Asus\Smart-Course-Management-Portal\SmartCourseManagement.API\SmartCourseManagement.API.csproj]
C:\Users\Asus\Smart-Course-Management-Portal\SmartCourseManagement.API\Data\AppDbContext.cs(68,34): error CS0116: A namespace cannot directly contain members such as fields, methods or statements [C:\Users\Asus\Smart-Course-Management-Portal\SmartCourseManagement.API\SmartCourseManagement.API.csproj]
C:\Users\Asus\Smart-Course-Management-Portal\SmartCourseManagement.API\Data\AppDbContext.cs(68,40): error CS1022: Type or namespace definition, or end-of-file expected [C:\Users\Asus\Smart-Course-Management-Portal\SmartCourseManagement.API\SmartCourseManagement.API.csproj]
C:\Users\Asus\Smart-Course-Management-Portal\SmartCourseManagement.API\Data\AppDbContext.cs(68,76): error CS0116: A namespace cannot directly contain members such as fields, methods or statements [C:\Users\Asus\Smart-Course-Management-Portal\SmartCourseManagement.API\SmartCourseManagement.API.csproj]
C:\Users\Asus\Smart-Course-Management-Portal\SmartCourseManagement.API\Data\AppDbContext.cs(68,88): error CS1022: Type or namespace definition, or end-of-file expected [C:\Users\Asus\Smart-Course-Management-Portal\SmartCourseManagement.API\SmartCourseManagement.API.csproj]
C:\Users\Asus\Smart-Course-Management-Portal\SmartCourseManagement.API\Data\AppDbContext.cs(68,146): error CS0116: A namespace cannot directly contain members such as fields, methods or statements [C:\Users\Asus\Smart-Course-Management-Portal\SmartCourseManagement.API\SmartCourseManagement.API.csproj]
C:\Users\Asus\Smart-Course-Management-Portal\SmartCourseManagement.API\Data\AppDbContext.cs(68,154): error CS1022: Type or namespace definition, or end-of-file expected [C:\Users\Asus\Smart-Course-Management-Portal\SmartCourseManagement.API\SmartCourseManagement.API.csproj]
C:\Users\Asus\Smart-Course-Management-Portal\SmartCourseManagement.API\Data\AppDbContext.cs(68,159): error CS0116: A namespace cannot directly contain members such as fields, methods or statements [C:\Users\Asus\Smart-Course-Management-Portal\SmartCourseManagement.API\SmartCourseManagement.API.csproj]
C:\Users\Asus\Smart-Course-Management-Portal\SmartCourseManagement.API\Data\AppDbContext.cs(68,172): error CS1022: Type or namespace definition, or end-of-file expected [C:\Users\Asus\Smart-Course-Management-Portal\SmartCourseManagement.API\SmartCourseManagement.API.csproj]
C:\Users\Asus\Smart-Course-Management-Portal\SmartCourseManagement.API\Data\AppDbContext.cs(68,177): error CS1022: Type or namespace definition, or end-of-file expected [C:\Users\Asus\Smart-Course-Management-Portal\SmartCourseManagement.API\SmartCourseManagement.API.csproj]
C:\Users\Asus\Smart-Course-Management-Portal\SmartCourseManagement.API\Data\AppDbContext.cs(69,13): error CS8803: Top-level statements must precede namespace and type declarations. [C:\Users\Asus\Smart-Course-Management-Portal\SmartCourseManagement.API\SmartCourseManagement.API.csproj]
C:\Users\Asus\Smart-Course-Management-Portal\SmartCourseManagement.API\Data\AppDbContext.cs(69,186): error CS1002: ; expected [C:\Users\Asus\Smart-Course-Management-Portal\SmartCourseManagement.API\SmartCourseManagement.API.csproj]
C:\Users\Asus\Smart-Course-Management-Portal\SmartCourseManagement.API\Data\AppDbContext.cs(70,9): error CS1022: Type or namespace definition, or end-of-file expected [C:\Users\Asus\Smart-Course-Management-Portal\SmartCourseManagement.API\SmartCourseManagement.API.csproj]
C:\Users\Asus\Smart-Course-Management-Portal\SmartCourseManagement.API\Data\AppDbContext.cs(71,5): error CS1022: Type or namespace definition, or end-of-file expected [C:\Users\Asus\Smart-Course-Management-Portal\SmartCourseManagement.API\SmartCourseManagement.API.csproj]
C:\Users\Asus\Smart-Course-Management-Portal\SmartCourseManagement.API\Data\AppDbContext.cs(72,1): error CS1022: Type or namespace definition, or end-of-file expected [C:\Users\Asus\Smart-Course-Management-Portal\SmartCourseManagement.API\SmartCourseManagement.API.csproj]
    0 Warning(s)
    30 Error(s)

Time Elapsed 00:00:01.04
